[2013-05-07 14:19:42] event.DEBUG: Notified event "kernel.request" to listener "Symfony\Component\HttpKernel\EventListener\ProfilerListener::onKernelRequest". [] []
[2013-05-07 14:19:42] event.DEBUG: Notified event "kernel.request" to listener "Symfony\Bundle\FrameworkBundle\EventListener\SessionListener::onKernelRequest". [] []
[2013-05-07 14:19:42] event.DEBUG: Notified event "kernel.request" to listener "Symfony\Component\HttpKernel\EventListener\FragmentListener::onKernelRequest". [] []
[2013-05-07 14:19:42] event.DEBUG: Notified event "kernel.request" to listener "Symfony\Component\HttpKernel\EventListener\RouterListener::onKernelRequest". [] []
[2013-05-07 14:19:42] event.DEBUG: Notified event "kernel.exception" to listener "Symfony\Component\HttpKernel\EventListener\ProfilerListener::onKernelException". [] []
[2013-05-07 14:19:42] event.DEBUG: Notified event "kernel.exception" to listener "Symfony\Component\HttpKernel\EventListener\ExceptionListener::onKernelException". [] []
[2013-05-07 14:19:42] request.ERROR: Uncaught PHP Exception Symfony\Component\HttpKernel\Exception\NotFoundHttpException: "No route found for "GET /"" at C:\wamp\www\webloja\vendor\symfony\symfony\src\Symfony\Component\HttpKernel\EventListener\RouterListener.php line 94 [] []
[2013-05-07 14:19:43] event.DEBUG: Notified event "kernel.request" to listener "closure". [] []
[2013-05-07 14:19:43] event.DEBUG: Notified event "kernel.request" to listener "Symfony\Component\HttpKernel\EventListener\ProfilerListener::onKernelRequest". [] []
[2013-05-07 14:19:43] event.DEBUG: Notified event "kernel.request" to listener "closure". [] []
[2013-05-07 14:19:43] event.DEBUG: Notified event "kernel.request" to listener "Symfony\Bundle\FrameworkBundle\EventListener\SessionListener::onKernelRequest". [] []
[2013-05-07 14:19:43] event.DEBUG: Notified event "kernel.request" to listener "closure". [] []
[2013-05-07 14:19:43] event.DEBUG: Notified event "kernel.request" to listener "Symfony\Component\HttpKernel\EventListener\FragmentListener::onKernelRequest". [] []
[2013-05-07 14:19:43] event.DEBUG: Notified event "kernel.request" to listener "closure". [] []
[2013-05-07 14:19:43] event.DEBUG: Notified event "kernel.request" to listener "Symfony\Component\HttpKernel\EventListener\RouterListener::onKernelRequest". [] []
[2013-05-07 14:19:43] event.DEBUG: Notified event "kernel.request" to listener "closure". [] []
[2013-05-07 14:19:43] event.DEBUG: Notified event "kernel.request" to listener "Symfony\Component\HttpKernel\EventListener\LocaleListener::onKernelRequest". [] []
[2013-05-07 14:19:43] event.DEBUG: Notified event "kernel.request" to listener "closure". [] []
[2013-05-07 14:19:43] event.DEBUG: Notified event "kernel.request" to listener "Symfony\Component\Security\Http\Firewall::onKernelRequest". [] []
[2013-05-07 14:19:43] event.DEBUG: Notified event "kernel.request" to listener "closure". [] []
[2013-05-07 14:19:43] event.DEBUG: Notified event "kernel.request" to listener "Symfony\Component\HttpKernel\Fragment\FragmentHandler::onKernelRequest". [] []
[2013-05-07 14:19:43] event.DEBUG: Notified event "kernel.request" to listener "closure". [] []
[2013-05-07 14:19:43] event.DEBUG: Notified event "kernel.request" to listener "Symfony\Component\HttpKernel\EventListener\DeprecationLoggerListener::injectLogger". [] []
[2013-05-07 14:19:43] event.DEBUG: Notified event "kernel.controller" to listener "Symfony\Bundle\FrameworkBundle\DataCollector\RouterDataCollector::onKernelController". [] []
[2013-05-07 14:19:43] event.DEBUG: Notified event "kernel.controller" to listener "Sensio\Bundle\FrameworkExtraBundle\EventListener\ControllerListener::onKernelController". [] []
[2013-05-07 14:19:43] event.DEBUG: Notified event "kernel.controller" to listener "Sensio\Bundle\FrameworkExtraBundle\EventListener\ParamConverterListener::onKernelController". [] []
[2013-05-07 14:19:43] event.DEBUG: Notified event "kernel.controller" to listener "Sensio\Bundle\FrameworkExtraBundle\EventListener\TemplateListener::onKernelController". [] []
[2013-05-07 14:19:43] event.DEBUG: Notified event "kernel.controller" to listener "Symfony\Component\HttpKernel\DataCollector\RequestDataCollector::onKernelController". [] []
[2013-05-07 14:19:45] event.DEBUG: Notified event "kernel.response" to listener "Sensio\Bundle\FrameworkExtraBundle\EventListener\CacheListener::onKernelResponse". [] []
[2013-05-07 14:19:45] event.DEBUG: Notified event "kernel.response" to listener "Symfony\Component\HttpKernel\EventListener\ResponseListener::onKernelResponse". [] []
[2013-05-07 14:19:45] event.DEBUG: Notified event "kernel.response" to listener "Symfony\Component\HttpKernel\EventListener\LocaleListener::onKernelResponse". [] []
[2013-05-07 14:19:45] event.DEBUG: Notified event "kernel.response" to listener "Symfony\Component\HttpKernel\Fragment\FragmentHandler::onKernelResponse". [] []
[2013-05-07 14:19:45] event.DEBUG: Notified event "kernel.response" to listener "Symfony\Component\Security\Http\RememberMe\ResponseListener::onKernelResponse". [] []
[2013-05-07 14:19:45] event.DEBUG: Notified event "kernel.response" to listener "Symfony\Component\HttpKernel\EventListener\ProfilerListener::onKernelResponse". [] []
[2013-05-07 14:19:45] event.DEBUG: Notified event "kernel.response" to listener "Symfony\Component\HttpKernel\EventListener\StreamedResponseListener::onKernelResponse". [] []
[2013-05-07 14:19:45] event.DEBUG: Listener "Symfony\Component\HttpKernel\EventListener\ExceptionListener::onKernelException" stopped propagation of the event "kernel.exception". [] []
[2013-05-07 14:19:45] event.DEBUG: Notified event "kernel.response" to listener "Sensio\Bundle\FrameworkExtraBundle\EventListener\CacheListener::onKernelResponse". [] []
[2013-05-07 14:19:45] event.DEBUG: Notified event "kernel.response" to listener "Symfony\Component\HttpKernel\EventListener\ResponseListener::onKernelResponse". [] []
[2013-05-07 14:19:45] event.DEBUG: Notified event "kernel.response" to listener "Symfony\Component\HttpKernel\EventListener\LocaleListener::onKernelResponse". [] []
[2013-05-07 14:19:45] event.DEBUG: Notified event "kernel.response" to listener "Symfony\Component\HttpKernel\Fragment\FragmentHandler::onKernelResponse". [] []
[2013-05-07 14:19:45] event.DEBUG: Notified event "kernel.response" to listener "Symfony\Component\Security\Http\RememberMe\ResponseListener::onKernelResponse". [] []
[2013-05-07 14:19:45] event.DEBUG: Notified event "kernel.response" to listener "Symfony\Component\HttpKernel\EventListener\ProfilerListener::onKernelResponse". [] []
[2013-05-07 14:19:45] event.DEBUG: Notified event "kernel.response" to listener "Symfony\Component\HttpKernel\EventListener\StreamedResponseListener::onKernelResponse". [] []
[2013-05-07 14:19:45] event.DEBUG: Notified event "kernel.terminate" to listener "Symfony\Bundle\SwiftmailerBundle\EventListener\EmailSenderListener::onKernelTerminate". [] []
